chat/build/intermediates/manifest_merge_blame_file/release/manifest-merger-blame-release-report.txt
1<?xml version="1.0" encoding="utf-8"?>
2<manifest xmlns:android="http://schemas.android.com/apk/res/android"
3    package="com.twilio.chat.demo"
4    android:versionCode="26"
5    android:versionName="1.0" >
6
7    <uses-sdk
8        android:minSdkVersion="19"
8-->src\main\AndroidManifest.xml
9        android:targetSdkVersion="30" />
9-->src\main\AndroidManifest.xml
10
11    <uses-permission android:name="com.google.android.c2dm.permission.RECEIVE" />
11-->src\main\AndroidManifest.xml:5:5-82
11-->src\main\AndroidManifest.xml:5:22-79
12    <uses-permission android:name="android.permission.WAKE_LOCK" />
12-->src\main\AndroidManifest.xml:6:5-68
12-->src\main\AndroidManifest.xml:6:22-65
13
14    <!-- <permission android:name="com.twilio.chat.demo.permission.C2D_MESSAGE" android:protectionLevel="signature" /> -->
15
16    <uses-permission android:name="com.twilio.chat.demo.permission.C2D_MESSAGE" />
16-->src\main\AndroidManifest.xml:10:5-83
16-->src\main\AndroidManifest.xml:10:22-80
17    <uses-permission android:name="android.permission.INTERNET" />
17-->src\main\AndroidManifest.xml:11:5-67
17-->src\main\AndroidManifest.xml:11:22-64
18    <uses-permission android:name="android.permission.ACCESS_NETWORK_STATE" />
18-->src\main\AndroidManifest.xml:12:5-79
18-->src\main\AndroidManifest.xml:12:22-76
19    <uses-permission android:name="android.permission.ACCESS_WIFI_STATE" />
19-->src\main\AndroidManifest.xml:13:5-76
19-->src\main\AndroidManifest.xml:13:22-73
20
21    <uses-feature
21-->src\main\AndroidManifest.xml:14:5-15:35
22        android:name="android.hardware.camera"
22-->src\main\AndroidManifest.xml:14:19-57
23        android:required="true" />
23-->src\main\AndroidManifest.xml:15:9-32
24
25    <application android:name="com.twilio.chat.demo.TwilioApplication" >
25-->src\main\AndroidManifest.xml:17:5-78:19
25-->src\main\AndroidManifest.xml:18:9-42
26        <activity
26-->src\main\AndroidManifest.xml:19:9-22:20
27            android:name="com.twilio.chat.demo.activities.LoginActivityChat"
27-->src\main\AndroidManifest.xml:20:13-57
28            android:label="@string/app_name" >
28-->src\main\AndroidManifest.xml:21:13-45
29        </activity>
30        <activity
30-->src\main\AndroidManifest.xml:23:9-26:20
31            android:name="com.twilio.chat.demo.activities.ChannelActivity"
31-->src\main\AndroidManifest.xml:24:13-55
32            android:label="@string/title_activity_channel" >
32-->src\main\AndroidManifest.xml:25:13-59
33        </activity>
34        <activity
34-->src\main\AndroidManifest.xml:27:9-31:20
35            android:name="com.twilio.chat.demo.activities.MessageActivity"
35-->src\main\AndroidManifest.xml:28:13-55
36            android:label="@string/title_activity_message"
36-->src\main\AndroidManifest.xml:29:13-59
37            android:launchMode="singleTop" >
37-->src\main\AndroidManifest.xml:30:13-43
38        </activity>
39        <activity
39-->src\main\AndroidManifest.xml:33:9-38:20
40            android:name="com.twilio.chat.demo.activities.UserActivity"
40-->src\main\AndroidManifest.xml:34:13-52
41            android:label="@string/user_info_activity"
41-->src\main\AndroidManifest.xml:35:13-55
42            android:launchMode="singleTop"
42-->src\main\AndroidManifest.xml:37:13-43
43            android:screenOrientation="portrait" >
43-->src\main\AndroidManifest.xml:36:13-49
44        </activity>
45
46        <service
46-->src\main\AndroidManifest.xml:40:9-82
47            android:name="com.twilio.chat.demo.services.MediaService"
47-->src\main\AndroidManifest.xml:40:18-55
48            android:exported="false" />
48-->src\main\AndroidManifest.xml:40:56-80
49
50        <!-- FCM service -->
51
52        <service android:name="com.twilio.chat.demo.services.FCMListenerService" >
52-->src\main\AndroidManifest.xml:44:9-50:19
52-->src\main\AndroidManifest.xml:45:13-56
53
54            <!-- android:exported="true" -->
55            <intent-filter>
55-->src\main\AndroidManifest.xml:47:13-49:29
56                <action android:name="com.google.firebase.MESSAGING_EVENT" />
56-->src\main\AndroidManifest.xml:48:17-77
56-->src\main\AndroidManifest.xml:48:25-75
57            </intent-filter>
58        </service>
59
60        <meta-data
60-->src\main\AndroidManifest.xml:52:9-54:56
61            android:name="com.google.firebase.messaging.default_notification_icon"
61-->src\main\AndroidManifest.xml:53:13-83
62            android:resource="@drawable/ic_launcher" />
62-->src\main\AndroidManifest.xml:54:13-53
63        <meta-data
63-->src\main\AndroidManifest.xml:55:9-57:49
64            android:name="com.google.firebase.messaging.default_notification_color"
64-->src\main\AndroidManifest.xml:56:13-84
65            android:resource="@color/darkred" />
65-->src\main\AndroidManifest.xml:57:13-46
66
67        <!-- FCM instance ID service -->
68
69        <service
69-->src\main\AndroidManifest.xml:61:9-68:19
70            android:name="com.twilio.chat.demo.services.FCMInstanceIDService"
70-->src\main\AndroidManifest.xml:62:13-58
71            android:exported="false" >
71-->src\main\AndroidManifest.xml:63:13-37
72            <intent-filter>
72-->src\main\AndroidManifest.xml:64:13-67:29
73                <action android:name="com.google.firebase.INSTANCE_ID_EVENT" />
73-->src\main\AndroidManifest.xml:65:17-80
73-->src\main\AndroidManifest.xml:65:25-77
74                <action android:name="com.google.firebase.MESSAGING_EVENT" />
74-->src\main\AndroidManifest.xml:48:17-77
74-->src\main\AndroidManifest.xml:48:25-75
75            </intent-filter>
76        </service>
77        <service
77-->src\main\AndroidManifest.xml:70:9-73:19
78            android:name="com.twilio.chat.demo.services.RegistrationIntentService"
78-->src\main\AndroidManifest.xml:71:13-63
79            android:exported="false" >
79-->src\main\AndroidManifest.xml:72:13-37
80        </service>
81
82        <meta-data
82-->src\main\AndroidManifest.xml:75:9-76:69
83            android:name="com.google.android.gms.version"
83-->src\main\AndroidManifest.xml:75:20-65
84            android:value="@integer/google_play_services_version" />
84-->src\main\AndroidManifest.xml:76:13-66
85    </application>
86
87</manifest>